2023-10-24 14:04:18,997 - INFO - Task2 - <module> - Виклик першої функції сортування - line 39
2023-10-24 14:04:18,997 - INFO - Task2 - sort - Отримання даних - line 9
2023-10-24 14:04:18,998 - INFO - Task2 - sort - Розбиття рядків на словники - line 12
2023-10-24 14:04:18,998 - INFO - Task2 - sort - Сортування - line 15
2023-10-24 14:04:18,998 - INFO - Task2 - sort - Створення файлу Task2_Name.txt - line 20
2023-10-24 14:04:18,998 - INFO - Task2 - sort - Запис даних до файлу Task2_Name.txt - line 25
2023-10-24 14:04:18,998 - INFO - Task2 - sort - Запис даних до файлу Task2_Name.txt - line 25
2023-10-24 14:04:18,998 - INFO - Task2 - sort - Запис даних до файлу Task2_Name.txt - line 25
2023-10-24 14:04:18,998 - INFO - Task2 - sort - Запис даних до файлу Task2_Name.txt - line 25
2023-10-24 14:04:18,998 - INFO - Task2 - sort - Запис даних до файлу Task2_Name.txt - line 25
2023-10-24 14:04:18,998 - INFO - Task2 - sort - Запис даних до файлу Task2_Name.txt - line 25
2023-10-24 14:04:18,998 - INFO - Task2 - sort - Запис даних до файлу Task2_Name.txt - line 25
2023-10-24 14:04:18,998 - INFO - Task2 - sort - Запис даних до файлу Task2_Name.txt - line 25
2023-10-24 14:04:18,998 - INFO - Task2 - sort - Запис даних до файлу Task2_Name.txt - line 25
2023-10-24 14:04:18,998 - INFO - Task2 - sort - Запис даних до файлу Task2_Name.txt - line 25
2023-10-24 14:04:18,998 - INFO - Task2 - sort - Запис даних до файлу Task2_Name.txt - line 25
2023-10-24 14:04:18,998 - INFO - Task2 - sort - Дані файлу Task2.txt було відсортовано та збережено у Task2_Name.txt - line 28
2023-10-24 14:04:18,998 - INFO - Task2 - <module> - Виклик другої функції сортування - line 42
2023-10-24 14:04:18,998 - INFO - Task2 - sort - Отримання даних - line 9
2023-10-24 14:04:18,998 - INFO - Task2 - sort - Розбиття рядків на словники - line 12
2023-10-24 14:04:18,998 - INFO - Task2 - sort - Сортування - line 15
2023-10-24 14:04:18,998 - INFO - Task2 - sort - Створення файлу Task2_Grade.txt - line 20
2023-10-24 14:04:18,998 - INFO - Task2 - sort - Запис даних до файлу Task2_Grade.txt - line 25
2023-10-24 14:04:18,998 - INFO - Task2 - sort - Запис даних до файлу Task2_Grade.txt - line 25
2023-10-24 14:04:18,998 - INFO - Task2 - sort - Запис даних до файлу Task2_Grade.txt - line 25
2023-10-24 14:04:18,998 - INFO - Task2 - sort - Запис даних до файлу Task2_Grade.txt - line 25
2023-10-24 14:04:18,998 - INFO - Task2 - sort - Запис даних до файлу Task2_Grade.txt - line 25
2023-10-24 14:04:18,998 - INFO - Task2 - sort - Запис даних до файлу Task2_Grade.txt - line 25
2023-10-24 14:04:18,998 - INFO - Task2 - sort - Запис даних до файлу Task2_Grade.txt - line 25
2023-10-24 14:04:18,998 - INFO - Task2 - sort - Запис даних до файлу Task2_Grade.txt - line 25
2023-10-24 14:04:18,998 - INFO - Task2 - sort - Запис даних до файлу Task2_Grade.txt - line 25
2023-10-24 14:04:18,998 - INFO - Task2 - sort - Запис даних до файлу Task2_Grade.txt - line 25
2023-10-24 14:04:18,998 - INFO - Task2 - sort - Запис даних до файлу Task2_Grade.txt - line 25
2023-10-24 14:04:18,998 - INFO - Task2 - sort - Дані файлу Task2.txt було відсортовано та збережено у Task2_Grade.txt - line 28
