2023-10-24 11:40:32,295 - INFO - calc - <module> - Запит змінних у користувача - line 8
2023-10-24 11:40:34,284 - INFO - operations - getxx - Користувач ввів: 5 + 5 - line 6
2023-10-24 11:40:34,285 - INFO - operations - getxx - Форматовано значення: xx1 = 5.0 - line 17
2023-10-24 11:40:34,285 - INFO - operations - getxx - Отримано значення: op = + - line 19
2023-10-24 11:40:34,285 - INFO - operations - getxx - Форматовано значення: xx2 = 5.0 - line 21
2023-10-24 11:40:34,285 - INFO - operations - getxx - Отримано значення: xx1 = 5.0, op = +, xx2 = 5.0 - line 22
2023-10-24 11:40:34,285 - INFO - calc - <module> - Перевірка операції: + - line 16
2023-10-24 11:40:34,285 - INFO - calc - <module> - Перевірка функції: + - line 18
2023-10-24 11:40:34,285 - INFO - calc - <module> - Виконано операцію: 5.0 + 5.0 = 10.0 - line 33
2023-10-24 11:40:34,285 - INFO - calc - <module> - Запит змінних у користувача - line 8
2023-10-24 11:40:35,960 - INFO - operations - getxx - Користувач ввів: 5 - 20 - line 6
2023-10-24 11:40:35,960 - INFO - operations - getxx - Форматовано значення: xx1 = 5.0 - line 17
2023-10-24 11:40:35,960 - INFO - operations - getxx - Отримано значення: op = - - line 19
2023-10-24 11:40:35,960 - INFO - operations - getxx - Форматовано значення: xx2 = 20.0 - line 21
2023-10-24 11:40:35,960 - INFO - operations - getxx - Отримано значення: xx1 = 5.0, op = -, xx2 = 20.0 - line 22
2023-10-24 11:40:35,960 - INFO - calc - <module> - Перевірка операції: - - line 16
2023-10-24 11:40:35,960 - INFO - calc - <module> - Перевірка функції: - - line 21
2023-10-24 11:40:35,960 - INFO - calc - <module> - Виконано операцію: 5.0 - 20.0 = -15.0 - line 33
2023-10-24 11:40:35,960 - INFO - calc - <module> - Запит змінних у користувача - line 8
2023-10-24 11:40:37,408 - INFO - operations - getxx - Користувач ввів: 5 / 0 - line 6
2023-10-24 11:40:37,408 - INFO - operations - getxx - Форматовано значення: xx1 = 5.0 - line 17
2023-10-24 11:40:37,408 - INFO - operations - getxx - Отримано значення: op = / - line 19
2023-10-24 11:40:37,408 - INFO - operations - getxx - Форматовано значення: xx2 = 0.0 - line 21
2023-10-24 11:40:37,408 - INFO - operations - getxx - Отримано значення: xx1 = 5.0, op = /, xx2 = 0.0 - line 22
2023-10-24 11:40:37,408 - INFO - calc - <module> - Перевірка операції: / - line 16
2023-10-24 11:40:37,408 - INFO - calc - <module> - Перевірка функції: / - line 27
2023-10-24 11:40:37,409 - ERROR - calc - <module> - Ділення на нуль - line 37
2023-10-24 11:40:37,409 - INFO - calc - <module> - Запит змінних у користувача - line 8
2023-10-24 11:40:37,566 - INFO - operations - getxx - Користувач ввів:  - line 6
2023-10-24 11:40:37,566 - ERROR - operations - getxx - Було введено недостатню кількість значень - line 31
2023-10-24 11:40:39,935 - INFO - operations - getxx - Користувач ввів: 5 - line 6
2023-10-24 11:40:39,935 - INFO - operations - getxx - Форматовано значення: xx1 = 5.0 - line 17
2023-10-24 11:40:39,935 - ERROR - operations - getxx - Було введено недостатню кількість значень - line 31
2023-10-24 11:40:41,676 - INFO - operations - getxx - Користувач ввів: 5 5 5 - line 6
2023-10-24 11:40:41,677 - INFO - operations - getxx - Форматовано значення: xx1 = 5.0 - line 17
2023-10-24 11:40:41,677 - INFO - operations - getxx - Отримано значення: op = 5 - line 19
2023-10-24 11:40:41,677 - INFO - operations - getxx - Форматовано значення: xx2 = 5.0 - line 21
2023-10-24 11:40:41,677 - INFO - operations - getxx - Отримано значення: xx1 = 5.0, op = 5, xx2 = 5.0 - line 22
2023-10-24 11:40:41,677 - INFO - calc - <module> - Перевірка операції: 5 - line 16
2023-10-24 11:40:41,677 - ERROR - calc - <module> - Помилка розпізнавання операції - line 30
2023-10-24 11:40:41,677 - INFO - calc - <module> - Запит змінних у користувача - line 8
2023-10-24 11:40:44,296 - INFO - operations - getxx - Користувач ввів: / 5 / - line 6
2023-10-24 11:40:44,296 - ERROR - operations - getxx - Було введено невірні числові значення - line 27
2023-10-24 11:40:47,344 - INFO - operations - getxx - Користувач ввів: 5 / 0 - line 6
2023-10-24 11:40:47,344 - INFO - operations - getxx - Форматовано значення: xx1 = 5.0 - line 17
2023-10-24 11:40:47,344 - INFO - operations - getxx - Отримано значення: op = / - line 19
2023-10-24 11:40:47,344 - INFO - operations - getxx - Форматовано значення: xx2 = 0.0 - line 21
2023-10-24 11:40:47,344 - INFO - operations - getxx - Отримано значення: xx1 = 5.0, op = /, xx2 = 0.0 - line 22
2023-10-24 11:40:47,344 - INFO - calc - <module> - Перевірка операції: / - line 16
2023-10-24 11:40:47,344 - INFO - calc - <module> - Перевірка функції: / - line 27
2023-10-24 11:40:47,344 - ERROR - calc - <module> - Ділення на нуль - line 37
2023-10-24 11:40:47,344 - INFO - calc - <module> - Запит змінних у користувача - line 8
2023-10-24 11:40:48,722 - INFO - operations - getxx - Користувач ввів: 5 / 5 - line 6
2023-10-24 11:40:48,722 - INFO - operations - getxx - Форматовано значення: xx1 = 5.0 - line 17
2023-10-24 11:40:48,722 - INFO - operations - getxx - Отримано значення: op = / - line 19
2023-10-24 11:40:48,722 - INFO - operations - getxx - Форматовано значення: xx2 = 5.0 - line 21
2023-10-24 11:40:48,722 - INFO - operations - getxx - Отримано значення: xx1 = 5.0, op = /, xx2 = 5.0 - line 22
2023-10-24 11:40:48,722 - INFO - calc - <module> - Перевірка операції: / - line 16
2023-10-24 11:40:48,722 - INFO - calc - <module> - Перевірка функції: / - line 27
2023-10-24 11:40:48,722 - INFO - calc - <module> - Виконано операцію: 5.0 / 5.0 = 1.0 - line 33
2023-10-24 11:40:48,722 - INFO - calc - <module> - Запит змінних у користувача - line 8
2023-10-24 11:40:52,557 - INFO - operations - getxx - Користувач ввів: 20 + 2 - line 6
2023-10-24 11:40:52,557 - INFO - operations - getxx - Форматовано значення: xx1 = 20.0 - line 17
2023-10-24 11:40:52,557 - INFO - operations - getxx - Отримано значення: op = + - line 19
2023-10-24 11:40:52,557 - INFO - operations - getxx - Форматовано значення: xx2 = 2.0 - line 21
2023-10-24 11:40:52,557 - INFO - operations - getxx - Отримано значення: xx1 = 20.0, op = +, xx2 = 2.0 - line 22
2023-10-24 11:40:52,558 - INFO - calc - <module> - Перевірка операції: + - line 16
2023-10-24 11:40:52,558 - INFO - calc - <module> - Перевірка функції: + - line 18
2023-10-24 11:40:52,558 - INFO - calc - <module> - Виконано операцію: 20.0 + 2.0 = 22.0 - line 33
2023-10-24 11:40:52,558 - INFO - calc - <module> - Запит змінних у користувача - line 8
2023-10-24 11:41:03,718 - INFO - operations - getxx - Користувач ввів: 5 - 5 - line 6
2023-10-24 11:41:03,719 - INFO - operations - getxx - Форматовано значення: xx1 = 5.0 - line 17
2023-10-24 11:41:03,719 - INFO - operations - getxx - Отримано значення: op = - - line 19
2023-10-24 11:41:03,719 - INFO - operations - getxx - Форматовано значення: xx2 = 5.0 - line 21
2023-10-24 11:41:03,719 - INFO - operations - getxx - Отримано значення: xx1 = 5.0, op = -, xx2 = 5.0 - line 22
2023-10-24 11:41:03,719 - INFO - calc - <module> - Перевірка операції: - - line 16
2023-10-24 11:41:03,719 - INFO - calc - <module> - Перевірка функції: - - line 21
2023-10-24 11:41:03,719 - INFO - calc - <module> - Виконано операцію: 5.0 - 5.0 = 0.0 - line 33
2023-10-24 11:41:03,719 - INFO - calc - <module> - Запит змінних у користувача - line 8
2023-10-24 11:41:10,888 - INFO - operations - getxx - Користувач ввів: 10 * 5 - line 6
2023-10-24 11:41:10,888 - INFO - operations - getxx - Форматовано значення: xx1 = 10.0 - line 17
2023-10-24 11:41:10,888 - INFO - operations - getxx - Отримано значення: op = * - line 19
2023-10-24 11:41:10,888 - INFO - operations - getxx - Форматовано значення: xx2 = 5.0 - line 21
2023-10-24 11:41:10,888 - INFO - operations - getxx - Отримано значення: xx1 = 10.0, op = *, xx2 = 5.0 - line 22
2023-10-24 11:41:10,888 - INFO - calc - <module> - Перевірка операції: * - line 16
2023-10-24 11:41:10,888 - INFO - calc - <module> - Перевірка функції: * - line 24
2023-10-24 11:41:10,888 - INFO - calc - <module> - Виконано операцію: 10.0 * 5.0 = 50.0 - line 33
2023-10-24 11:41:10,888 - INFO - calc - <module> - Запит змінних у користувача - line 8
2023-10-24 11:41:19,977 - INFO - operations - getxx - Користувач ввів: f / f - line 6
2023-10-24 11:41:19,978 - ERROR - operations - getxx - Було введено невірні числові значення - line 27
2023-10-24 11:41:24,611 - INFO - operations - getxx - Користувач ввів: f f f - line 6
2023-10-24 11:41:24,611 - ERROR - operations - getxx - Було введено невірні числові значення - line 27
2023-10-24 11:41:26,080 - INFO - operations - getxx - Користувач ввів: f - line 6
2023-10-24 11:41:26,080 - ERROR - operations - getxx - Було введено невірні числові значення - line 27
2023-10-24 11:41:29,357 - INFO - operations - getxx - Користувач ввів: 5 / 5 - line 6
2023-10-24 11:41:29,357 - INFO - operations - getxx - Форматовано значення: xx1 = 5.0 - line 17
2023-10-24 11:41:29,357 - INFO - operations - getxx - Отримано значення: op = / - line 19
2023-10-24 11:41:29,357 - INFO - operations - getxx - Форматовано значення: xx2 = 5.0 - line 21
2023-10-24 11:41:29,357 - INFO - operations - getxx - Отримано значення: xx1 = 5.0, op = /, xx2 = 5.0 - line 22
2023-10-24 11:41:29,357 - INFO - calc - <module> - Перевірка операції: / - line 16
2023-10-24 11:41:29,357 - INFO - calc - <module> - Перевірка функції: / - line 27
2023-10-24 11:41:29,357 - INFO - calc - <module> - Виконано операцію: 5.0 / 5.0 = 1.0 - line 33
2023-10-24 11:41:29,357 - INFO - calc - <module> - Запит змінних у користувача - line 8
2023-10-24 11:41:31,996 - INFO - operations - getxx - Користувач ввів: 5 / 0 - line 6
2023-10-24 11:41:31,996 - INFO - operations - getxx - Форматовано значення: xx1 = 5.0 - line 17
2023-10-24 11:41:31,996 - INFO - operations - getxx - Отримано значення: op = / - line 19
2023-10-24 11:41:31,996 - INFO - operations - getxx - Форматовано значення: xx2 = 0.0 - line 21
2023-10-24 11:41:31,996 - INFO - operations - getxx - Отримано значення: xx1 = 5.0, op = /, xx2 = 0.0 - line 22
2023-10-24 11:41:31,996 - INFO - calc - <module> - Перевірка операції: / - line 16
2023-10-24 11:41:31,996 - INFO - calc - <module> - Перевірка функції: / - line 27
2023-10-24 11:41:31,997 - ERROR - calc - <module> - Ділення на нуль - line 37
2023-10-24 11:41:31,997 - INFO - calc - <module> - Запит змінних у користувача - line 8
2023-10-24 11:41:35,352 - INFO - operations - getxx - Користувач ввів: 5 * 5 - line 6
2023-10-24 11:41:35,352 - INFO - operations - getxx - Форматовано значення: xx1 = 5.0 - line 17
2023-10-24 11:41:35,352 - INFO - operations - getxx - Отримано значення: op = * - line 19
2023-10-24 11:41:35,352 - INFO - operations - getxx - Форматовано значення: xx2 = 5.0 - line 21
2023-10-24 11:41:35,352 - INFO - operations - getxx - Отримано значення: xx1 = 5.0, op = *, xx2 = 5.0 - line 22
2023-10-24 11:41:35,352 - INFO - calc - <module> - Перевірка операції: * - line 16
2023-10-24 11:41:35,352 - INFO - calc - <module> - Перевірка функції: * - line 24
2023-10-24 11:41:35,352 - INFO - calc - <module> - Виконано операцію: 5.0 * 5.0 = 25.0 - line 33
2023-10-24 11:41:35,352 - INFO - calc - <module> - Запит змінних у користувача - line 8
2023-10-24 11:41:36,597 - INFO - operations - getxx - Користувач ввів: q - line 6
2023-10-24 11:41:36,598 - INFO - operations - getxx - Користувач вийшов з програми - line 10
2023-10-24 11:41:36,598 - INFO - calc - <module> - Закінчення виконання роботи за допомогою 'q' - line 12
2023-10-24 14:36:50,747 - INFO - calc - <module> - Запит змінних у користувача - line 8
2023-10-24 14:36:52,208 - INFO - operations - getxx - Користувач ввів: 5 + 5 - line 6
2023-10-24 14:36:52,208 - INFO - operations - getxx - Форматовано значення: xx1 = 5.0 - line 17
2023-10-24 14:36:52,208 - INFO - operations - getxx - Отримано значення: op = + - line 19
2023-10-24 14:36:52,208 - INFO - operations - getxx - Форматовано значення: xx2 = 5.0 - line 21
2023-10-24 14:36:52,208 - INFO - operations - getxx - Отримано значення: xx1 = 5.0, op = +, xx2 = 5.0 - line 22
2023-10-24 14:36:52,208 - INFO - calc - <module> - Перевірка операції: + - line 16
2023-10-24 14:36:52,208 - INFO - calc - <module> - Перевірка функції: + - line 18
2023-10-24 14:36:52,208 - INFO - calc - <module> - Виконано операцію: 5.0 + 5.0 = 10.0 - line 33
2023-10-24 14:36:52,208 - INFO - calc - <module> - Запит змінних у користувача - line 8
2023-10-24 14:36:52,893 - INFO - operations - getxx - Користувач ввів: q - line 6
2023-10-24 14:36:52,893 - INFO - operations - getxx - Користувач вийшов з програми - line 10
2023-10-24 14:36:52,893 - INFO - calc - <module> - Закінчення виконання роботи за допомогою 'q' - line 12
