2023-10-31 18:35:25,492 - INFO - calc - <module> - Запит змінних у користувача - line 7
2023-10-31 18:35:27,651 - INFO - functions - getxx - Користувач ввів: 5 + 5 - line 13
2023-10-31 18:35:27,651 - INFO - functions - getxx - Форматовано значення: xx1 = 5.0 - line 27
2023-10-31 18:35:27,651 - INFO - functions - getxx - Отримано значення: op = + - line 29
2023-10-31 18:35:27,651 - INFO - functions - getxx - Форматовано значення: xx2 = 5.0 - line 31
2023-10-31 18:35:27,651 - INFO - functions - getxx - Отримано значення: xx1 = 5.0, op = +, xx2 = 5.0 - line 32
2023-10-31 18:35:27,651 - INFO - calc - <module> - Перевірка операції: + - line 15
2023-10-31 18:35:27,651 - INFO - calc - <module> - Виконано операцію: 5.0 + 5.0 = 10.0 - line 17
2023-10-31 18:35:27,651 - INFO - calc - <module> - Запит змінних у користувача - line 7
2023-10-31 18:35:29,764 - INFO - functions - getxx - Користувач ввів: 10 / 5 - line 13
2023-10-31 18:35:29,764 - INFO - functions - getxx - Форматовано значення: xx1 = 10.0 - line 27
2023-10-31 18:35:29,764 - INFO - functions - getxx - Отримано значення: op = / - line 29
2023-10-31 18:35:29,764 - INFO - functions - getxx - Форматовано значення: xx2 = 5.0 - line 31
2023-10-31 18:35:29,764 - INFO - functions - getxx - Отримано значення: xx1 = 10.0, op = /, xx2 = 5.0 - line 32
2023-10-31 18:35:29,764 - INFO - calc - <module> - Перевірка операції: / - line 15
2023-10-31 18:35:29,764 - INFO - calc - <module> - Виконано операцію: 10.0 / 5.0 = 2.0 - line 17
2023-10-31 18:35:29,765 - INFO - calc - <module> - Запит змінних у користувача - line 7
2023-10-31 18:35:32,084 - INFO - functions - getxx - Користувач ввів: 5 * 5 - line 13
2023-10-31 18:35:32,084 - INFO - functions - getxx - Форматовано значення: xx1 = 5.0 - line 27
2023-10-31 18:35:32,084 - INFO - functions - getxx - Отримано значення: op = * - line 29
2023-10-31 18:35:32,084 - INFO - functions - getxx - Форматовано значення: xx2 = 5.0 - line 31
2023-10-31 18:35:32,084 - INFO - functions - getxx - Отримано значення: xx1 = 5.0, op = *, xx2 = 5.0 - line 32
2023-10-31 18:35:32,084 - INFO - calc - <module> - Перевірка операції: * - line 15
2023-10-31 18:35:32,084 - INFO - calc - <module> - Виконано операцію: 5.0 * 5.0 = 25.0 - line 17
2023-10-31 18:35:32,084 - INFO - calc - <module> - Запит змінних у користувача - line 7
2023-10-31 18:35:33,672 - INFO - functions - getxx - Користувач ввів:  5 5 5 - line 13
2023-10-31 18:35:33,672 - INFO - functions - getxx - Форматовано значення: xx1 = 5.0 - line 27
2023-10-31 18:35:33,672 - INFO - functions - getxx - Отримано значення: op = 5 - line 29
2023-10-31 18:35:33,672 - INFO - functions - getxx - Форматовано значення: xx2 = 5.0 - line 31
2023-10-31 18:35:33,672 - INFO - functions - getxx - Отримано значення: xx1 = 5.0, op = 5, xx2 = 5.0 - line 32
2023-10-31 18:35:33,672 - INFO - calc - <module> - Перевірка операції: 5 - line 15
2023-10-31 18:35:33,672 - ERROR - calc - <module> - Сталася помилка: Помилка розпізнавання операції - line 26
2023-10-31 18:35:33,672 - INFO - calc - <module> - Запит змінних у користувача - line 7
2023-10-31 18:35:35,635 - INFO - functions - getxx - Користувач ввів: 5 5 - line 13
2023-10-31 18:35:35,635 - ERROR - functions - getxx - Було введено невірні числові значення - line 37
2023-10-31 18:35:39,816 - INFO - functions - getxx - Користувач ввів: 5 / 3 3 - line 13
2023-10-31 18:35:39,816 - ERROR - functions - getxx - Було введено невірні числові значення - line 37
2023-10-31 18:35:42,478 - INFO - functions - getxx - Користувач ввів: q - line 13
2023-10-31 18:35:42,478 - INFO - functions - getxx - Користувач вийшов з програми - line 17
2023-10-31 18:35:42,478 - INFO - calc - <module> - Закінчення виконання роботи за допомогою 'q' - line 11
2023-10-31 18:35:43,434 - INFO - calc - <module> - Запит змінних у користувача - line 7
2023-10-31 18:35:46,554 - INFO - functions - getxx - Користувач ввів: 10 / 0 - line 13
2023-10-31 18:35:46,555 - INFO - functions - getxx - Форматовано значення: xx1 = 10.0 - line 27
2023-10-31 18:35:46,555 - INFO - functions - getxx - Отримано значення: op = / - line 29
2023-10-31 18:35:46,555 - INFO - functions - getxx - Форматовано значення: xx2 = 0.0 - line 31
2023-10-31 18:35:46,555 - INFO - functions - getxx - Отримано значення: xx1 = 10.0, op = /, xx2 = 0.0 - line 32
2023-10-31 18:35:46,555 - INFO - calc - <module> - Перевірка операції: / - line 15
2023-10-31 18:35:46,555 - ERROR - calc - <module> - Ділення на нуль - line 21
2023-10-31 18:35:46,555 - INFO - calc - <module> - Запит змінних у користувача - line 7
2023-10-31 18:35:50,005 - INFO - functions - getxx - Користувач ввів: 0 0 / - line 13
2023-10-31 18:35:50,006 - INFO - functions - getxx - Форматовано значення: xx1 = 0.0 - line 27
2023-10-31 18:35:50,006 - INFO - functions - getxx - Отримано значення: op = 0 - line 29
2023-10-31 18:35:50,006 - ERROR - functions - getxx - Було введено невірні числові значення - line 37
2023-10-31 18:35:55,252 - INFO - functions - getxx - Користувач ввів: 25 / 5 - line 13
2023-10-31 18:35:55,253 - INFO - functions - getxx - Форматовано значення: xx1 = 25.0 - line 27
2023-10-31 18:35:55,253 - INFO - functions - getxx - Отримано значення: op = / - line 29
2023-10-31 18:35:55,253 - INFO - functions - getxx - Форматовано значення: xx2 = 5.0 - line 31
2023-10-31 18:35:55,253 - INFO - functions - getxx - Отримано значення: xx1 = 25.0, op = /, xx2 = 5.0 - line 32
2023-10-31 18:35:55,253 - INFO - calc - <module> - Перевірка операції: / - line 15
2023-10-31 18:35:55,253 - INFO - calc - <module> - Виконано операцію: 25.0 / 5.0 = 5.0 - line 17
2023-10-31 18:35:55,253 - INFO - calc - <module> - Запит змінних у користувача - line 7
2023-10-31 18:35:56,922 - INFO - functions - getxx - Користувач ввів: 5 * 5 - line 13
2023-10-31 18:35:56,922 - INFO - functions - getxx - Форматовано значення: xx1 = 5.0 - line 27
2023-10-31 18:35:56,922 - INFO - functions - getxx - Отримано значення: op = * - line 29
2023-10-31 18:35:56,922 - INFO - functions - getxx - Форматовано значення: xx2 = 5.0 - line 31
2023-10-31 18:35:56,922 - INFO - functions - getxx - Отримано значення: xx1 = 5.0, op = *, xx2 = 5.0 - line 32
2023-10-31 18:35:56,922 - INFO - calc - <module> - Перевірка операції: * - line 15
2023-10-31 18:35:56,922 - INFO - calc - <module> - Виконано операцію: 5.0 * 5.0 = 25.0 - line 17
2023-10-31 18:35:56,922 - INFO - calc - <module> - Запит змінних у користувача - line 7
2023-10-31 18:35:58,400 - INFO - functions - getxx - Користувач ввів: 5 - 5 - line 13
2023-10-31 18:35:58,400 - INFO - functions - getxx - Форматовано значення: xx1 = 5.0 - line 27
2023-10-31 18:35:58,401 - INFO - functions - getxx - Отримано значення: op = - - line 29
2023-10-31 18:35:58,401 - INFO - functions - getxx - Форматовано значення: xx2 = 5.0 - line 31
2023-10-31 18:35:58,401 - INFO - functions - getxx - Отримано значення: xx1 = 5.0, op = -, xx2 = 5.0 - line 32
2023-10-31 18:35:58,401 - INFO - calc - <module> - Перевірка операції: - - line 15
2023-10-31 18:35:58,401 - INFO - calc - <module> - Виконано операцію: 5.0 - 5.0 = 0.0 - line 17
2023-10-31 18:35:58,401 - INFO - calc - <module> - Запит змінних у користувача - line 7
2023-10-31 18:36:00,165 - INFO - functions - getxx - Користувач ввів: 5 + 5 - line 13
2023-10-31 18:36:00,165 - INFO - functions - getxx - Форматовано значення: xx1 = 5.0 - line 27
2023-10-31 18:36:00,165 - INFO - functions - getxx - Отримано значення: op = + - line 29
2023-10-31 18:36:00,165 - INFO - functions - getxx - Форматовано значення: xx2 = 5.0 - line 31
2023-10-31 18:36:00,165 - INFO - functions - getxx - Отримано значення: xx1 = 5.0, op = +, xx2 = 5.0 - line 32
2023-10-31 18:36:00,165 - INFO - calc - <module> - Перевірка операції: + - line 15
2023-10-31 18:36:00,166 - INFO - calc - <module> - Виконано операцію: 5.0 + 5.0 = 10.0 - line 17
2023-10-31 18:36:00,166 - INFO - calc - <module> - Запит змінних у користувача - line 7
2023-10-31 18:36:01,857 - INFO - functions - getxx - Користувач ввів: 5 / 0 - line 13
2023-10-31 18:36:01,857 - INFO - functions - getxx - Форматовано значення: xx1 = 5.0 - line 27
2023-10-31 18:36:01,857 - INFO - functions - getxx - Отримано значення: op = / - line 29
2023-10-31 18:36:01,857 - INFO - functions - getxx - Форматовано значення: xx2 = 0.0 - line 31
2023-10-31 18:36:01,857 - INFO - functions - getxx - Отримано значення: xx1 = 5.0, op = /, xx2 = 0.0 - line 32
2023-10-31 18:36:01,857 - INFO - calc - <module> - Перевірка операції: / - line 15
2023-10-31 18:36:01,858 - ERROR - calc - <module> - Ділення на нуль - line 21
2023-10-31 18:36:01,858 - INFO - calc - <module> - Запит змінних у користувача - line 7
2023-10-31 18:36:02,676 - INFO - functions - getxx - Користувач ввів: q - line 13
2023-10-31 18:36:02,676 - INFO - functions - getxx - Користувач вийшов з програми - line 17
2023-10-31 18:36:02,676 - INFO - calc - <module> - Закінчення виконання роботи за допомогою 'q' - line 11
2023-11-01 09:47:58,211 - INFO - calc - <module> - Запит змінних у користувача - line 7
2023-11-01 09:48:02,645 - INFO - functions - getxx - Користувач ввів: 5 + 5 - line 13
2023-11-01 09:48:02,645 - INFO - functions - getxx - Форматовано значення: xx1 = 5.0 - line 27
2023-11-01 09:48:02,645 - INFO - functions - getxx - Отримано значення: op = + - line 29
2023-11-01 09:48:02,645 - INFO - functions - getxx - Форматовано значення: xx2 = 5.0 - line 31
2023-11-01 09:48:02,645 - INFO - functions - getxx - Отримано значення: xx1 = 5.0, op = +, xx2 = 5.0 - line 32
2023-11-01 09:48:02,645 - INFO - calc - <module> - Перевірка операції: + - line 15
2023-11-01 09:48:02,645 - INFO - calc - <module> - Виконано операцію: 5.0 + 5.0 = 10.0 - line 17
2023-11-01 09:48:02,645 - INFO - calc - <module> - Запит змінних у користувача - line 7
2023-11-01 09:48:03,932 - INFO - functions - getxx - Користувач ввів: 5 / 0 - line 13
2023-11-01 09:48:03,932 - INFO - functions - getxx - Форматовано значення: xx1 = 5.0 - line 27
2023-11-01 09:48:03,932 - INFO - functions - getxx - Отримано значення: op = / - line 29
2023-11-01 09:48:03,932 - INFO - functions - getxx - Форматовано значення: xx2 = 0.0 - line 31
2023-11-01 09:48:03,932 - INFO - functions - getxx - Отримано значення: xx1 = 5.0, op = /, xx2 = 0.0 - line 32
2023-11-01 09:48:03,932 - INFO - calc - <module> - Перевірка операції: / - line 15
2023-11-01 09:48:03,932 - ERROR - calc - <module> - Ділення на нуль - line 21
2023-11-01 09:48:03,932 - INFO - calc - <module> - Запит змінних у користувача - line 7
2023-11-01 09:48:04,765 - INFO - functions - getxx - Користувач ввів: q - line 13
2023-11-01 09:48:04,765 - INFO - functions - getxx - Користувач вийшов з програми - line 17
2023-11-01 09:48:04,765 - INFO - calc - <module> - Закінчення виконання роботи за допомогою 'q' - line 11
