2023-10-31 16:45:05,705 - INFO - Task3 - <module> - Виклик першої функції сортування - line 45
2023-10-31 16:45:05,705 - INFO - Task3 - sort - Отримання даних - line 13
2023-10-31 16:45:05,705 - INFO - Task3 - sort - Розбиття рядків на об'єкти класу - line 16
2023-10-31 16:45:05,705 - INFO - Task3 - sort - Сортування - line 27
2023-10-31 16:45:05,705 - INFO - Task3 - sort - Запис даних до файлу Task3_Name.txt - line 32
2023-10-31 16:45:05,705 - INFO - Task3 - sort - Запис даних до файлу Task3_Name.txt - line 32
2023-10-31 16:45:05,705 - INFO - Task3 - sort - Запис даних до файлу Task3_Name.txt - line 32
2023-10-31 16:45:05,705 - INFO - Task3 - sort - Запис даних до файлу Task3_Name.txt - line 32
2023-10-31 16:45:05,705 - INFO - Task3 - sort - Запис даних до файлу Task3_Name.txt - line 32
2023-10-31 16:45:05,705 - INFO - Task3 - sort - Запис даних до файлу Task3_Name.txt - line 32
2023-10-31 16:45:05,705 - INFO - Task3 - sort - Запис даних до файлу Task3_Name.txt - line 32
2023-10-31 16:45:05,705 - INFO - Task3 - sort - Запис даних до файлу Task3_Name.txt - line 32
2023-10-31 16:45:05,705 - INFO - Task3 - sort - Запис даних до файлу Task3_Name.txt - line 32
2023-10-31 16:45:05,705 - INFO - Task3 - sort - Запис даних до файлу Task3_Name.txt - line 32
2023-10-31 16:45:05,705 - INFO - Task3 - sort - Запис даних до файлу Task3_Name.txt - line 32
2023-10-31 16:45:05,706 - INFO - Task3 - sort - Дані файлу Task3.txt було відсортовано та збережено у Task3_Name.txt - line 35
2023-10-31 16:45:05,706 - INFO - Task3 - <module> - Виклик другої функції сортування - line 48
2023-10-31 16:45:05,706 - INFO - Task3 - sort - Отримання даних - line 13
2023-10-31 16:45:05,706 - INFO - Task3 - sort - Розбиття рядків на об'єкти класу - line 16
2023-10-31 16:45:05,706 - INFO - Task3 - sort - Сортування - line 27
2023-10-31 16:45:05,706 - INFO - Task3 - sort - Запис даних до файлу Task3_Age.txt - line 32
2023-10-31 16:45:05,706 - INFO - Task3 - sort - Запис даних до файлу Task3_Age.txt - line 32
2023-10-31 16:45:05,706 - INFO - Task3 - sort - Запис даних до файлу Task3_Age.txt - line 32
2023-10-31 16:45:05,706 - INFO - Task3 - sort - Запис даних до файлу Task3_Age.txt - line 32
2023-10-31 16:45:05,706 - INFO - Task3 - sort - Запис даних до файлу Task3_Age.txt - line 32
2023-10-31 16:45:05,706 - INFO - Task3 - sort - Запис даних до файлу Task3_Age.txt - line 32
2023-10-31 16:45:05,706 - INFO - Task3 - sort - Запис даних до файлу Task3_Age.txt - line 32
2023-10-31 16:45:05,706 - INFO - Task3 - sort - Запис даних до файлу Task3_Age.txt - line 32
2023-10-31 16:45:05,706 - INFO - Task3 - sort - Запис даних до файлу Task3_Age.txt - line 32
2023-10-31 16:45:05,706 - INFO - Task3 - sort - Запис даних до файлу Task3_Age.txt - line 32
2023-10-31 16:45:05,706 - INFO - Task3 - sort - Запис даних до файлу Task3_Age.txt - line 32
2023-10-31 16:45:05,706 - INFO - Task3 - sort - Дані файлу Task3.txt було відсортовано та збережено у Task3_Age.txt - line 35
2023-10-31 16:45:06,523 - INFO - Task3 - <module> - Виклик першої функції сортування - line 45
2023-10-31 16:45:06,523 - INFO - Task3 - sort - Отримання даних - line 13
2023-10-31 16:45:06,523 - INFO - Task3 - sort - Розбиття рядків на об'єкти класу - line 16
2023-10-31 16:45:06,523 - INFO - Task3 - sort - Сортування - line 27
2023-10-31 16:45:06,524 - INFO - Task3 - sort - Запис даних до файлу Task3_Name.txt - line 32
2023-10-31 16:45:06,524 - INFO - Task3 - sort - Запис даних до файлу Task3_Name.txt - line 32
2023-10-31 16:45:06,524 - INFO - Task3 - sort - Запис даних до файлу Task3_Name.txt - line 32
2023-10-31 16:45:06,524 - INFO - Task3 - sort - Запис даних до файлу Task3_Name.txt - line 32
2023-10-31 16:45:06,524 - INFO - Task3 - sort - Запис даних до файлу Task3_Name.txt - line 32
2023-10-31 16:45:06,524 - INFO - Task3 - sort - Запис даних до файлу Task3_Name.txt - line 32
2023-10-31 16:45:06,524 - INFO - Task3 - sort - Запис даних до файлу Task3_Name.txt - line 32
2023-10-31 16:45:06,524 - INFO - Task3 - sort - Запис даних до файлу Task3_Name.txt - line 32
2023-10-31 16:45:06,524 - INFO - Task3 - sort - Запис даних до файлу Task3_Name.txt - line 32
2023-10-31 16:45:06,524 - INFO - Task3 - sort - Запис даних до файлу Task3_Name.txt - line 32
2023-10-31 16:45:06,524 - INFO - Task3 - sort - Запис даних до файлу Task3_Name.txt - line 32
2023-10-31 16:45:06,524 - INFO - Task3 - sort - Дані файлу Task3.txt було відсортовано та збережено у Task3_Name.txt - line 35
2023-10-31 16:45:06,524 - INFO - Task3 - <module> - Виклик другої функції сортування - line 48
2023-10-31 16:45:06,524 - INFO - Task3 - sort - Отримання даних - line 13
2023-10-31 16:45:06,524 - INFO - Task3 - sort - Розбиття рядків на об'єкти класу - line 16
2023-10-31 16:45:06,524 - INFO - Task3 - sort - Сортування - line 27
2023-10-31 16:45:06,524 - INFO - Task3 - sort - Запис даних до файлу Task3_Age.txt - line 32
2023-10-31 16:45:06,524 - INFO - Task3 - sort - Запис даних до файлу Task3_Age.txt - line 32
2023-10-31 16:45:06,524 - INFO - Task3 - sort - Запис даних до файлу Task3_Age.txt - line 32
2023-10-31 16:45:06,524 - INFO - Task3 - sort - Запис даних до файлу Task3_Age.txt - line 32
2023-10-31 16:45:06,524 - INFO - Task3 - sort - Запис даних до файлу Task3_Age.txt - line 32
2023-10-31 16:45:06,524 - INFO - Task3 - sort - Запис даних до файлу Task3_Age.txt - line 32
2023-10-31 16:45:06,524 - INFO - Task3 - sort - Запис даних до файлу Task3_Age.txt - line 32
2023-10-31 16:45:06,524 - INFO - Task3 - sort - Запис даних до файлу Task3_Age.txt - line 32
2023-10-31 16:45:06,524 - INFO - Task3 - sort - Запис даних до файлу Task3_Age.txt - line 32
2023-10-31 16:45:06,524 - INFO - Task3 - sort - Запис даних до файлу Task3_Age.txt - line 32
2023-10-31 16:45:06,524 - INFO - Task3 - sort - Запис даних до файлу Task3_Age.txt - line 32
2023-10-31 16:45:06,524 - INFO - Task3 - sort - Дані файлу Task3.txt було відсортовано та збережено у Task3_Age.txt - line 35
2023-10-31 18:14:02,404 - INFO - Task3 - <module> - Виклик першої функції сортування - line 45
2023-10-31 18:14:02,404 - INFO - Task3 - sort - Отримання даних - line 13
2023-10-31 18:14:02,405 - INFO - Task3 - sort - Розбиття рядків на об'єкти класу - line 16
2023-10-31 18:14:02,405 - INFO - Task3 - sort - Сортування - line 27
2023-10-31 18:14:02,405 - INFO - Task3 - sort - Запис даних до файлу Task3_Name.txt - line 32
2023-10-31 18:14:02,405 - INFO - Task3 - sort - Запис даних до файлу Task3_Name.txt - line 32
2023-10-31 18:14:02,405 - INFO - Task3 - sort - Запис даних до файлу Task3_Name.txt - line 32
2023-10-31 18:14:02,405 - INFO - Task3 - sort - Запис даних до файлу Task3_Name.txt - line 32
2023-10-31 18:14:02,405 - INFO - Task3 - sort - Запис даних до файлу Task3_Name.txt - line 32
2023-10-31 18:14:02,405 - INFO - Task3 - sort - Запис даних до файлу Task3_Name.txt - line 32
2023-10-31 18:14:02,405 - INFO - Task3 - sort - Запис даних до файлу Task3_Name.txt - line 32
2023-10-31 18:14:02,405 - INFO - Task3 - sort - Запис даних до файлу Task3_Name.txt - line 32
2023-10-31 18:14:02,405 - INFO - Task3 - sort - Запис даних до файлу Task3_Name.txt - line 32
2023-10-31 18:14:02,405 - INFO - Task3 - sort - Запис даних до файлу Task3_Name.txt - line 32
2023-10-31 18:14:02,405 - INFO - Task3 - sort - Запис даних до файлу Task3_Name.txt - line 32
2023-10-31 18:14:02,405 - INFO - Task3 - sort - Дані файлу Task3.txt було відсортовано та збережено у Task3_Name.txt - line 35
2023-10-31 18:14:02,405 - INFO - Task3 - <module> - Виклик другої функції сортування - line 48
2023-10-31 18:14:02,405 - INFO - Task3 - sort - Отримання даних - line 13
2023-10-31 18:14:02,405 - INFO - Task3 - sort - Розбиття рядків на об'єкти класу - line 16
2023-10-31 18:14:02,405 - INFO - Task3 - sort - Сортування - line 27
2023-10-31 18:14:02,406 - INFO - Task3 - sort - Запис даних до файлу Task3_Age.txt - line 32
2023-10-31 18:14:02,406 - INFO - Task3 - sort - Запис даних до файлу Task3_Age.txt - line 32
2023-10-31 18:14:02,406 - INFO - Task3 - sort - Запис даних до файлу Task3_Age.txt - line 32
2023-10-31 18:14:02,406 - INFO - Task3 - sort - Запис даних до файлу Task3_Age.txt - line 32
2023-10-31 18:14:02,406 - INFO - Task3 - sort - Запис даних до файлу Task3_Age.txt - line 32
2023-10-31 18:14:02,406 - INFO - Task3 - sort - Запис даних до файлу Task3_Age.txt - line 32
2023-10-31 18:14:02,406 - INFO - Task3 - sort - Запис даних до файлу Task3_Age.txt - line 32
2023-10-31 18:14:02,406 - INFO - Task3 - sort - Запис даних до файлу Task3_Age.txt - line 32
2023-10-31 18:14:02,406 - INFO - Task3 - sort - Запис даних до файлу Task3_Age.txt - line 32
2023-10-31 18:14:02,406 - INFO - Task3 - sort - Запис даних до файлу Task3_Age.txt - line 32
2023-10-31 18:14:02,406 - INFO - Task3 - sort - Запис даних до файлу Task3_Age.txt - line 32
2023-10-31 18:14:02,406 - INFO - Task3 - sort - Дані файлу Task3.txt було відсортовано та збережено у Task3_Age.txt - line 35
2023-11-01 09:47:23,019 - INFO - Task3 - <module> - Виклик першої функції сортування - line 45
2023-11-01 09:47:23,030 - INFO - Task3 - sort - Отримання даних - line 13
2023-11-01 09:47:23,030 - INFO - Task3 - sort - Розбиття рядків на об'єкти класу - line 16
2023-11-01 09:47:23,030 - INFO - Task3 - sort - Сортування - line 27
2023-11-01 09:47:23,030 - INFO - Task3 - sort - Запис даних до файлу Task3_Name.txt - line 32
2023-11-01 09:47:23,030 - INFO - Task3 - sort - Запис даних до файлу Task3_Name.txt - line 32
2023-11-01 09:47:23,030 - INFO - Task3 - sort - Запис даних до файлу Task3_Name.txt - line 32
2023-11-01 09:47:23,030 - INFO - Task3 - sort - Запис даних до файлу Task3_Name.txt - line 32
2023-11-01 09:47:23,030 - INFO - Task3 - sort - Запис даних до файлу Task3_Name.txt - line 32
2023-11-01 09:47:23,030 - INFO - Task3 - sort - Запис даних до файлу Task3_Name.txt - line 32
2023-11-01 09:47:23,030 - INFO - Task3 - sort - Запис даних до файлу Task3_Name.txt - line 32
2023-11-01 09:47:23,030 - INFO - Task3 - sort - Запис даних до файлу Task3_Name.txt - line 32
2023-11-01 09:47:23,030 - INFO - Task3 - sort - Запис даних до файлу Task3_Name.txt - line 32
2023-11-01 09:47:23,031 - INFO - Task3 - sort - Запис даних до файлу Task3_Name.txt - line 32
2023-11-01 09:47:23,031 - INFO - Task3 - sort - Запис даних до файлу Task3_Name.txt - line 32
2023-11-01 09:47:23,031 - INFO - Task3 - sort - Дані файлу Task3.txt було відсортовано та збережено у Task3_Name.txt - line 35
2023-11-01 09:47:23,031 - INFO - Task3 - <module> - Виклик другої функції сортування - line 48
2023-11-01 09:47:23,031 - INFO - Task3 - sort - Отримання даних - line 13
2023-11-01 09:47:23,031 - INFO - Task3 - sort - Розбиття рядків на об'єкти класу - line 16
2023-11-01 09:47:23,031 - INFO - Task3 - sort - Сортування - line 27
2023-11-01 09:47:23,031 - INFO - Task3 - sort - Запис даних до файлу Task3_Age.txt - line 32
2023-11-01 09:47:23,031 - INFO - Task3 - sort - Запис даних до файлу Task3_Age.txt - line 32
2023-11-01 09:47:23,031 - INFO - Task3 - sort - Запис даних до файлу Task3_Age.txt - line 32
2023-11-01 09:47:23,031 - INFO - Task3 - sort - Запис даних до файлу Task3_Age.txt - line 32
2023-11-01 09:47:23,031 - INFO - Task3 - sort - Запис даних до файлу Task3_Age.txt - line 32
2023-11-01 09:47:23,031 - INFO - Task3 - sort - Запис даних до файлу Task3_Age.txt - line 32
2023-11-01 09:47:23,031 - INFO - Task3 - sort - Запис даних до файлу Task3_Age.txt - line 32
2023-11-01 09:47:23,031 - INFO - Task3 - sort - Запис даних до файлу Task3_Age.txt - line 32
2023-11-01 09:47:23,031 - INFO - Task3 - sort - Запис даних до файлу Task3_Age.txt - line 32
2023-11-01 09:47:23,031 - INFO - Task3 - sort - Запис даних до файлу Task3_Age.txt - line 32
2023-11-01 09:47:23,031 - INFO - Task3 - sort - Запис даних до файлу Task3_Age.txt - line 32
2023-11-01 09:47:23,031 - INFO - Task3 - sort - Дані файлу Task3.txt було відсортовано та збережено у Task3_Age.txt - line 35
